{"/Users/harishsoni/Harish/ticket/frontend/src/BasePage.tsx": {"path":"/Users/harishsoni/Harish/ticket/frontend/src/BasePage.tsx","statementMap":{"0":{"start":{"line":8,"column":4},"end":{"line":14,"column":6}}},"fnMap":{"0":{"name":"(anonymous_0)","decl":{"start":{"line":7,"column":2},"end":{"line":7,"column":3}},"loc":{"start":{"line":7,"column":11},"end":{"line":15,"column":3}},"line":7}},"branchMap":{},"s":{"0":3},"f":{"0":3},"b":{},"_coverageSchema":"43e27e138ebf9cfc5966b082cf9a028302ed4184","hash":"a2898c8a3826d112b193c35535e4aed4abf13e95"}
,"/Users/harishsoni/Harish/ticket/frontend/src/Models/BaseModel.ts": {"path":"/Users/harishsoni/Harish/ticket/frontend/src/Models/BaseModel.ts","statementMap":{"0":{"start":{"line":13,"column":8},"end":{"line":13,"column":50}},"1":{"start":{"line":14,"column":8},"end":{"line":14,"column":27}},"2":{"start":{"line":18,"column":8},"end":{"line":18,"column":50}},"3":{"start":{"line":22,"column":8},"end":{"line":22,"column":58}},"4":{"start":{"line":23,"column":8},"end":{"line":23,"column":20}},"5":{"start":{"line":27,"column":21},"end":{"line":27,"column":33}},"6":{"start":{"line":28,"column":23},"end":{"line":28,"column":46}},"7":{"start":{"line":29,"column":8},"end":{"line":29,"column":69}},"8":{"start":{"line":33,"column":8},"end":{"line":35,"column":21}},"9":{"start":{"line":34,"column":12},"end":{"line":34,"column":57}},"10":{"start":{"line":39,"column":8},"end":{"line":41,"column":11}},"11":{"start":{"line":40,"column":12},"end":{"line":40,"column":47}}},"fnMap":{"0":{"name":"(anonymous_0)","decl":{"start":{"line":10,"column":4},"end":{"line":10,"column":5}},"loc":{"start":{"line":12,"column":7},"end":{"line":15,"column":5}},"line":12},"1":{"name":"(anonymous_1)","decl":{"start":{"line":17,"column":4},"end":{"line":17,"column":5}},"loc":{"start":{"line":17,"column":26},"end":{"line":19,"column":5}},"line":17},"2":{"name":"(anonymous_2)","decl":{"start":{"line":21,"column":4},"end":{"line":21,"column":5}},"loc":{"start":{"line":21,"column":30},"end":{"line":24,"column":5}},"line":21},"3":{"name":"(anonymous_3)","decl":{"start":{"line":26,"column":4},"end":{"line":26,"column":5}},"loc":{"start":{"line":26,"column":53},"end":{"line":30,"column":5}},"line":26},"4":{"name":"(anonymous_4)","decl":{"start":{"line":32,"column":4},"end":{"line":32,"column":5}},"loc":{"start":{"line":32,"column":42},"end":{"line":36,"column":5}},"line":32},"5":{"name":"(anonymous_5)","decl":{"start":{"line":33,"column":37},"end":{"line":33,"column":38}},"loc":{"start":{"line":33,"column":49},"end":{"line":35,"column":9}},"line":33},"6":{"name":"(anonymous_6)","decl":{"start":{"line":38,"column":4},"end":{"line":38,"column":5}},"loc":{"start":{"line":38,"column":71},"end":{"line":42,"column":5}},"line":38},"7":{"name":"(anonymous_7)","decl":{"start":{"line":39,"column":26},"end":{"line":39,"column":27}},"loc":{"start":{"line":39,"column":36},"end":{"line":41,"column":9}},"line":39}},"branchMap":{"0":{"loc":{"start":{"line":26,"column":27},"end":{"line":26,"column":51}},"type":"default-arg","locations":[{"start":{"line":26,"column":35},"end":{"line":26,"column":51}}],"line":26},"1":{"loc":{"start":{"line":29,"column":15},"end":{"line":29,"column":68}},"type":"cond-expr","locations":[{"start":{"line":29,"column":29},"end":{"line":29,"column":49}},{"start":{"line":29,"column":52},"end":{"line":29,"column":68}}],"line":29},"2":{"loc":{"start":{"line":32,"column":16},"end":{"line":32,"column":40}},"type":"default-arg","locations":[{"start":{"line":32,"column":24},"end":{"line":32,"column":40}}],"line":32},"3":{"loc":{"start":{"line":38,"column":46},"end":{"line":38,"column":69}},"type":"default-arg","locations":[{"start":{"line":38,"column":58},"end":{"line":38,"column":69}}],"line":38}},"s":{"0":14,"1":14,"2":9,"3":8,"4":8,"5":4,"6":4,"7":4,"8":2,"9":3,"10":1,"11":1},"f":{"0":14,"1":9,"2":8,"3":4,"4":2,"5":3,"6":1,"7":1},"b":{"0":[4],"1":[4,0],"2":[2],"3":[1]},"_coverageSchema":"43e27e138ebf9cfc5966b082cf9a028302ed4184","hash":"1900f35b488e66e052cfd0106e2d88c314690e04"}
,"/Users/harishsoni/Harish/ticket/frontend/src/Models/BookedTicketsModel.ts": {"path":"/Users/harishsoni/Harish/ticket/frontend/src/Models/BookedTicketsModel.ts","statementMap":{"0":{"start":{"line":14,"column":8},"end":{"line":14,"column":21}},"1":{"start":{"line":18,"column":39},"end":{"line":31,"column":10}},"2":{"start":{"line":19,"column":29},"end":{"line":19,"column":58}},"3":{"start":{"line":20,"column":12},"end":{"line":30,"column":13}},"4":{"start":{"line":22,"column":20},"end":{"line":22,"column":46}},"5":{"start":{"line":23,"column":20},"end":{"line":23,"column":41}},"6":{"start":{"line":25,"column":20},"end":{"line":25,"column":46}},"7":{"start":{"line":26,"column":20},"end":{"line":26,"column":41}},"8":{"start":{"line":28,"column":20},"end":{"line":28,"column":46}},"9":{"start":{"line":29,"column":20},"end":{"line":29,"column":41}},"10":{"start":{"line":32,"column":8},"end":{"line":32,"column":38}}},"fnMap":{"0":{"name":"(anonymous_0)","decl":{"start":{"line":13,"column":4},"end":{"line":13,"column":5}},"loc":{"start":{"line":13,"column":23},"end":{"line":15,"column":5}},"line":13},"1":{"name":"(anonymous_1)","decl":{"start":{"line":17,"column":4},"end":{"line":17,"column":5}},"loc":{"start":{"line":17,"column":46},"end":{"line":33,"column":5}},"line":17},"2":{"name":"(anonymous_2)","decl":{"start":{"line":18,"column":57},"end":{"line":18,"column":58}},"loc":{"start":{"line":18,"column":76},"end":{"line":31,"column":9}},"line":18}},"branchMap":{"0":{"loc":{"start":{"line":20,"column":12},"end":{"line":30,"column":13}},"type":"switch","locations":[{"start":{"line":21,"column":16},"end":{"line":23,"column":41}},{"start":{"line":24,"column":16},"end":{"line":26,"column":41}},{"start":{"line":27,"column":16},"end":{"line":29,"column":41}}],"line":20}},"s":{"0":5,"1":2,"2":8,"3":8,"4":2,"5":2,"6":4,"7":4,"8":2,"9":2,"10":2},"f":{"0":5,"1":2,"2":8},"b":{"0":[2,4,2]},"_coverageSchema":"43e27e138ebf9cfc5966b082cf9a028302ed4184","hash":"838206cd3f45bda9897a80f919f997eb50e8fb94"}
,"/Users/harishsoni/Harish/ticket/frontend/src/Models/TicketModel.ts": {"path":"/Users/harishsoni/Harish/ticket/frontend/src/Models/TicketModel.ts","statementMap":{"0":{"start":{"line":17,"column":8},"end":{"line":17,"column":21}},"1":{"start":{"line":21,"column":31},"end":{"line":21,"column":45}},"2":{"start":{"line":22,"column":8},"end":{"line":26,"column":9}},"3":{"start":{"line":23,"column":12},"end":{"line":23,"column":72}},"4":{"start":{"line":24,"column":12},"end":{"line":24,"column":29}},"5":{"start":{"line":25,"column":12},"end":{"line":25,"column":58}},"6":{"start":{"line":30,"column":27},"end":{"line":30,"column":38}},"7":{"start":{"line":31,"column":8},"end":{"line":31,"column":81}}},"fnMap":{"0":{"name":"(anonymous_0)","decl":{"start":{"line":16,"column":4},"end":{"line":16,"column":5}},"loc":{"start":{"line":16,"column":23},"end":{"line":18,"column":5}},"line":16},"1":{"name":"(anonymous_1)","decl":{"start":{"line":20,"column":4},"end":{"line":20,"column":5}},"loc":{"start":{"line":20,"column":52},"end":{"line":27,"column":5}},"line":20},"2":{"name":"(anonymous_2)","decl":{"start":{"line":29,"column":4},"end":{"line":29,"column":5}},"loc":{"start":{"line":29,"column":42},"end":{"line":32,"column":5}},"line":29}},"branchMap":{"0":{"loc":{"start":{"line":22,"column":8},"end":{"line":26,"column":9}},"type":"if","locations":[{"start":{"line":22,"column":8},"end":{"line":26,"column":9}},{"start":{"line":22,"column":8},"end":{"line":26,"column":9}}],"line":22},"1":{"loc":{"start":{"line":31,"column":15},"end":{"line":31,"column":80}},"type":"binary-expr","locations":[{"start":{"line":31,"column":15},"end":{"line":31,"column":36}},{"start":{"line":31,"column":40},"end":{"line":31,"column":80}}],"line":31}},"s":{"0":9,"1":1,"2":1,"3":1,"4":1,"5":1,"6":1,"7":1},"f":{"0":9,"1":1,"2":1},"b":{"0":[1,0],"1":[1,1]},"_coverageSchema":"43e27e138ebf9cfc5966b082cf9a028302ed4184","hash":"b0f5ac5f1a9d5ece4357e552f59a1dc677d6787c"}
,"/Users/harishsoni/Harish/ticket/frontend/src/actions/modelActions.ts": {"path":"/Users/harishsoni/Harish/ticket/frontend/src/actions/modelActions.ts","statementMap":{"0":{"start":{"line":6,"column":4},"end":{"line":10,"column":7}},"1":{"start":{"line":14,"column":4},"end":{"line":17,"column":7}}},"fnMap":{"0":{"name":"saveInstance","decl":{"start":{"line":5,"column":16},"end":{"line":5,"column":28}},"loc":{"start":{"line":5,"column":88},"end":{"line":11,"column":1}},"line":5},"1":{"name":"removeInstance","decl":{"start":{"line":13,"column":16},"end":{"line":13,"column":30}},"loc":{"start":{"line":13,"column":44},"end":{"line":18,"column":1}},"line":13}},"branchMap":{},"s":{"0":8,"1":1},"f":{"0":8,"1":1},"b":{},"_coverageSchema":"43e27e138ebf9cfc5966b082cf9a028302ed4184","hash":"114d411a91afd4a45ba9fe428d883bb0a88fcd8c"}
,"/Users/harishsoni/Harish/ticket/frontend/src/components/CheckoutPage/index.tsx": {"path":"/Users/harishsoni/Harish/ticket/frontend/src/components/CheckoutPage/index.tsx","statementMap":{"0":{"start":{"line":19,"column":8},"end":{"line":19,"column":21}},"1":{"start":{"line":23,"column":8},"end":{"line":25,"column":9}},"2":{"start":{"line":24,"column":12},"end":{"line":24,"column":41}},"3":{"start":{"line":29,"column":25},"end":{"line":29,"column":46}},"4":{"start":{"line":30,"column":8},"end":{"line":30,"column":37}},"5":{"start":{"line":34,"column":25},"end":{"line":34,"column":26}},"6":{"start":{"line":35,"column":8},"end":{"line":51,"column":27}},"7":{"start":{"line":38,"column":20},"end":{"line":38,"column":66}},"8":{"start":{"line":39,"column":20},"end":{"line":42,"column":27}},"9":{"start":{"line":55,"column":8},"end":{"line":72,"column":9}},"10":{"start":{"line":56,"column":37},"end":{"line":56,"column":120}},"11":{"start":{"line":57,"column":12},"end":{"line":71,"column":24}},"12":{"start":{"line":68,"column":63},"end":{"line":68,"column":105}},"13":{"start":{"line":73,"column":8},"end":{"line":73,"column":18}},"14":{"start":{"line":79,"column":21},"end":{"line":79,"column":51}},"15":{"start":{"line":80,"column":26},"end":{"line":80,"column":57}},"16":{"start":{"line":81,"column":4},"end":{"line":84,"column":6}},"17":{"start":{"line":87,"column":28},"end":{"line":87,"column":110}}},"fnMap":{"0":{"name":"(anonymous_0)","decl":{"start":{"line":18,"column":4},"end":{"line":18,"column":5}},"loc":{"start":{"line":18,"column":43},"end":{"line":20,"column":5}},"line":18},"1":{"name":"(anonymous_1)","decl":{"start":{"line":22,"column":4},"end":{"line":22,"column":5}},"loc":{"start":{"line":22,"column":24},"end":{"line":26,"column":5}},"line":22},"2":{"name":"(anonymous_2)","decl":{"start":{"line":28,"column":26},"end":{"line":28,"column":27}},"loc":{"start":{"line":28,"column":48},"end":{"line":31,"column":5}},"line":28},"3":{"name":"(anonymous_3)","decl":{"start":{"line":33,"column":28},"end":{"line":33,"column":29}},"loc":{"start":{"line":33,"column":50},"end":{"line":52,"column":5}},"line":33},"4":{"name":"(anonymous_4)","decl":{"start":{"line":37,"column":38},"end":{"line":37,"column":39}},"loc":{"start":{"line":37,"column":64},"end":{"line":43,"column":17}},"line":37},"5":{"name":"(anonymous_5)","decl":{"start":{"line":54,"column":4},"end":{"line":54,"column":5}},"loc":{"start":{"line":54,"column":13},"end":{"line":74,"column":5}},"line":54},"6":{"name":"(anonymous_6)","decl":{"start":{"line":68,"column":57},"end":{"line":68,"column":58}},"loc":{"start":{"line":68,"column":63},"end":{"line":68,"column":105}},"line":68},"7":{"name":"mapStateToProps","decl":{"start":{"line":78,"column":16},"end":{"line":78,"column":31}},"loc":{"start":{"line":78,"column":49},"end":{"line":85,"column":1}},"line":78}},"branchMap":{"0":{"loc":{"start":{"line":23,"column":8},"end":{"line":25,"column":9}},"type":"if","locations":[{"start":{"line":23,"column":8},"end":{"line":25,"column":9}},{"start":{"line":23,"column":8},"end":{"line":25,"column":9}}],"line":23},"1":{"loc":{"start":{"line":55,"column":8},"end":{"line":72,"column":9}},"type":"if","locations":[{"start":{"line":55,"column":8},"end":{"line":72,"column":9}},{"start":{"line":55,"column":8},"end":{"line":72,"column":9}}],"line":55}},"s":{"0":3,"1":3,"2":1,"3":1,"4":1,"5":2,"6":2,"7":8,"8":8,"9":3,"10":2,"11":2,"12":1,"13":1,"14":1,"15":1,"16":1,"17":1},"f":{"0":3,"1":3,"2":1,"3":2,"4":8,"5":3,"6":1,"7":1},"b":{"0":[1,2],"1":[2,1]},"_coverageSchema":"43e27e138ebf9cfc5966b082cf9a028302ed4184","hash":"cb90ba2a355b7f5dc85bb52dc283a30c59fed20f"}
,"/Users/harishsoni/Harish/ticket/frontend/src/components/HomePage/index.tsx": {"path":"/Users/harishsoni/Harish/ticket/frontend/src/components/HomePage/index.tsx","statementMap":{"0":{"start":{"line":25,"column":8},"end":{"line":25,"column":21}},"1":{"start":{"line":26,"column":8},"end":{"line":26,"column":85}},"2":{"start":{"line":30,"column":8},"end":{"line":30,"column":33}},"3":{"start":{"line":34,"column":53},"end":{"line":34,"column":63}},"4":{"start":{"line":35,"column":28},"end":{"line":35,"column":70}},"5":{"start":{"line":36,"column":8},"end":{"line":40,"column":11}},"6":{"start":{"line":44,"column":53},"end":{"line":44,"column":63}},"7":{"start":{"line":45,"column":8},"end":{"line":50,"column":11}},"8":{"start":{"line":46,"column":12},"end":{"line":49,"column":19}},"9":{"start":{"line":46,"column":51},"end":{"line":46,"column":102}},"10":{"start":{"line":54,"column":8},"end":{"line":71,"column":20}},"11":{"start":{"line":76,"column":20},"end":{"line":76,"column":41}},"12":{"start":{"line":77,"column":4},"end":{"line":79,"column":6}},"13":{"start":{"line":82,"column":24},"end":{"line":82,"column":86}}},"fnMap":{"0":{"name":"(anonymous_0)","decl":{"start":{"line":24,"column":4},"end":{"line":24,"column":5}},"loc":{"start":{"line":24,"column":39},"end":{"line":27,"column":5}},"line":24},"1":{"name":"(anonymous_1)","decl":{"start":{"line":29,"column":4},"end":{"line":29,"column":5}},"loc":{"start":{"line":29,"column":30},"end":{"line":31,"column":5}},"line":29},"2":{"name":"(anonymous_2)","decl":{"start":{"line":33,"column":26},"end":{"line":33,"column":27}},"loc":{"start":{"line":33,"column":47},"end":{"line":41,"column":5}},"line":33},"3":{"name":"(anonymous_3)","decl":{"start":{"line":43,"column":18},"end":{"line":43,"column":19}},"loc":{"start":{"line":43,"column":24},"end":{"line":51,"column":5}},"line":43},"4":{"name":"(anonymous_4)","decl":{"start":{"line":45,"column":28},"end":{"line":45,"column":29}},"loc":{"start":{"line":45,"column":49},"end":{"line":50,"column":9}},"line":45},"5":{"name":"(anonymous_5)","decl":{"start":{"line":46,"column":45},"end":{"line":46,"column":46}},"loc":{"start":{"line":46,"column":51},"end":{"line":46,"column":102}},"line":46},"6":{"name":"(anonymous_6)","decl":{"start":{"line":53,"column":4},"end":{"line":53,"column":5}},"loc":{"start":{"line":53,"column":13},"end":{"line":72,"column":5}},"line":53},"7":{"name":"mapStateToProps","decl":{"start":{"line":75,"column":16},"end":{"line":75,"column":31}},"loc":{"start":{"line":75,"column":34},"end":{"line":80,"column":1}},"line":75}},"branchMap":{"0":{"loc":{"start":{"line":56,"column":17},"end":{"line":62,"column":22}},"type":"binary-expr","locations":[{"start":{"line":56,"column":17},"end":{"line":56,"column":45}},{"start":{"line":57,"column":20},"end":{"line":62,"column":22}}],"line":56},"1":{"loc":{"start":{"line":68,"column":21},"end":{"line":68,"column":61}},"type":"binary-expr","locations":[{"start":{"line":68,"column":21},"end":{"line":68,"column":39}},{"start":{"line":68,"column":43},"end":{"line":68,"column":61}}],"line":68}},"s":{"0":3,"1":3,"2":3,"3":1,"4":1,"5":1,"6":3,"7":3,"8":3,"9":1,"10":4,"11":1,"12":1,"13":1},"f":{"0":3,"1":3,"2":1,"3":3,"4":3,"5":1,"6":4,"7":1},"b":{"0":[4,1],"1":[4,3]},"_coverageSchema":"43e27e138ebf9cfc5966b082cf9a028302ed4184","hash":"d66e38569901811a512da0959e4ac865f9903d48"}
,"/Users/harishsoni/Harish/ticket/frontend/src/components/MoviePopUp/index.tsx": {"path":"/Users/harishsoni/Harish/ticket/frontend/src/components/MoviePopUp/index.tsx","statementMap":{"0":{"start":{"line":31,"column":8},"end":{"line":31,"column":21}},"1":{"start":{"line":32,"column":8},"end":{"line":32,"column":159}},"2":{"start":{"line":36,"column":8},"end":{"line":43,"column":9}},"3":{"start":{"line":37,"column":12},"end":{"line":42,"column":15}},"4":{"start":{"line":47,"column":8},"end":{"line":54,"column":9}},"5":{"start":{"line":48,"column":12},"end":{"line":51,"column":15}},"6":{"start":{"line":52,"column":12},"end":{"line":52,"column":71}},"7":{"start":{"line":52,"column":29},"end":{"line":52,"column":63}},"8":{"start":{"line":53,"column":12},"end":{"line":53,"column":19}},"9":{"start":{"line":55,"column":30},"end":{"line":55,"column":54}},"10":{"start":{"line":56,"column":8},"end":{"line":60,"column":9}},"11":{"start":{"line":57,"column":12},"end":{"line":57,"column":56}},"12":{"start":{"line":58,"column":12},"end":{"line":58,"column":62}},"13":{"start":{"line":59,"column":12},"end":{"line":59,"column":19}},"14":{"start":{"line":61,"column":8},"end":{"line":61,"column":51}},"15":{"start":{"line":62,"column":8},"end":{"line":62,"column":58}},"16":{"start":{"line":66,"column":47},"end":{"line":66,"column":57}},"17":{"start":{"line":67,"column":8},"end":{"line":73,"column":11}},"18":{"start":{"line":68,"column":29},"end":{"line":68,"column":53}},"19":{"start":{"line":69,"column":12},"end":{"line":72,"column":120}},"20":{"start":{"line":72,"column":31},"end":{"line":72,"column":101}},"21":{"start":{"line":77,"column":8},"end":{"line":81,"column":11}},"22":{"start":{"line":85,"column":32},"end":{"line":85,"column":84}},"23":{"start":{"line":85,"column":71},"end":{"line":85,"column":83}},"24":{"start":{"line":86,"column":30},"end":{"line":92,"column":10}},"25":{"start":{"line":87,"column":12},"end":{"line":90,"column":13}},"26":{"start":{"line":88,"column":16},"end":{"line":88,"column":34}},"27":{"start":{"line":89,"column":16},"end":{"line":89,"column":37}},"28":{"start":{"line":91,"column":12},"end":{"line":91,"column":21}},"29":{"start":{"line":93,"column":8},"end":{"line":98,"column":9}},"30":{"start":{"line":94,"column":12},"end":{"line":94,"column":103}},"31":{"start":{"line":95,"column":12},"end":{"line":95,"column":74}},"32":{"start":{"line":96,"column":12},"end":{"line":96,"column":80}},"33":{"start":{"line":97,"column":12},"end":{"line":97,"column":19}},"34":{"start":{"line":99,"column":8},"end":{"line":102,"column":11}},"35":{"start":{"line":103,"column":8},"end":{"line":103,"column":67}},"36":{"start":{"line":103,"column":25},"end":{"line":103,"column":59}},"37":{"start":{"line":107,"column":52},"end":{"line":107,"column":62}},"38":{"start":{"line":108,"column":8},"end":{"line":110,"column":9}},"39":{"start":{"line":109,"column":12},"end":{"line":109,"column":22}},"40":{"start":{"line":111,"column":8},"end":{"line":126,"column":15}},"41":{"start":{"line":130,"column":26},"end":{"line":130,"column":52}}},"fnMap":{"0":{"name":"(anonymous_0)","decl":{"start":{"line":30,"column":4},"end":{"line":30,"column":5}},"loc":{"start":{"line":30,"column":41},"end":{"line":33,"column":5}},"line":30},"1":{"name":"(anonymous_1)","decl":{"start":{"line":35,"column":4},"end":{"line":35,"column":5}},"loc":{"start":{"line":35,"column":59},"end":{"line":44,"column":5}},"line":35},"2":{"name":"(anonymous_2)","decl":{"start":{"line":46,"column":24},"end":{"line":46,"column":25}},"loc":{"start":{"line":46,"column":59},"end":{"line":63,"column":5}},"line":46},"3":{"name":"(anonymous_3)","decl":{"start":{"line":52,"column":23},"end":{"line":52,"column":24}},"loc":{"start":{"line":52,"column":29},"end":{"line":52,"column":63}},"line":52},"4":{"name":"(anonymous_4)","decl":{"start":{"line":65,"column":21},"end":{"line":65,"column":22}},"loc":{"start":{"line":65,"column":27},"end":{"line":74,"column":5}},"line":65},"5":{"name":"(anonymous_5)","decl":{"start":{"line":67,"column":39},"end":{"line":67,"column":40}},"loc":{"start":{"line":67,"column":60},"end":{"line":73,"column":9}},"line":67},"6":{"name":"(anonymous_6)","decl":{"start":{"line":72,"column":25},"end":{"line":72,"column":26}},"loc":{"start":{"line":72,"column":31},"end":{"line":72,"column":101}},"line":72},"7":{"name":"(anonymous_7)","decl":{"start":{"line":76,"column":23},"end":{"line":76,"column":24}},"loc":{"start":{"line":76,"column":29},"end":{"line":82,"column":5}},"line":76},"8":{"name":"(anonymous_8)","decl":{"start":{"line":84,"column":21},"end":{"line":84,"column":22}},"loc":{"start":{"line":84,"column":27},"end":{"line":104,"column":5}},"line":84},"9":{"name":"(anonymous_9)","decl":{"start":{"line":85,"column":64},"end":{"line":85,"column":65}},"loc":{"start":{"line":85,"column":71},"end":{"line":85,"column":83}},"line":85},"10":{"name":"(anonymous_10)","decl":{"start":{"line":86,"column":59},"end":{"line":86,"column":60}},"loc":{"start":{"line":86,"column":66},"end":{"line":92,"column":9}},"line":86},"11":{"name":"(anonymous_11)","decl":{"start":{"line":103,"column":19},"end":{"line":103,"column":20}},"loc":{"start":{"line":103,"column":25},"end":{"line":103,"column":59}},"line":103},"12":{"name":"(anonymous_12)","decl":{"start":{"line":106,"column":4},"end":{"line":106,"column":5}},"loc":{"start":{"line":106,"column":13},"end":{"line":127,"column":5}},"line":106}},"branchMap":{"0":{"loc":{"start":{"line":36,"column":8},"end":{"line":43,"column":9}},"type":"if","locations":[{"start":{"line":36,"column":8},"end":{"line":43,"column":9}},{"start":{"line":36,"column":8},"end":{"line":43,"column":9}}],"line":36},"1":{"loc":{"start":{"line":47,"column":8},"end":{"line":54,"column":9}},"type":"if","locations":[{"start":{"line":47,"column":8},"end":{"line":54,"column":9}},{"start":{"line":47,"column":8},"end":{"line":54,"column":9}}],"line":47},"2":{"loc":{"start":{"line":56,"column":8},"end":{"line":60,"column":9}},"type":"if","locations":[{"start":{"line":56,"column":8},"end":{"line":60,"column":9}},{"start":{"line":56,"column":8},"end":{"line":60,"column":9}}],"line":56},"3":{"loc":{"start":{"line":67,"column":16},"end":{"line":67,"column":33}},"type":"binary-expr","locations":[{"start":{"line":67,"column":16},"end":{"line":67,"column":27}},{"start":{"line":67,"column":31},"end":{"line":67,"column":33}}],"line":67},"4":{"loc":{"start":{"line":71,"column":40},"end":{"line":71,"column":88}},"type":"cond-expr","locations":[{"start":{"line":71,"column":72},"end":{"line":71,"column":83}},{"start":{"line":71,"column":86},"end":{"line":71,"column":88}}],"line":71},"5":{"loc":{"start":{"line":71,"column":92},"end":{"line":71,"column":144}},"type":"cond-expr","locations":[{"start":{"line":71,"column":126},"end":{"line":71,"column":139}},{"start":{"line":71,"column":142},"end":{"line":71,"column":144}}],"line":71},"6":{"loc":{"start":{"line":87,"column":12},"end":{"line":90,"column":13}},"type":"if","locations":[{"start":{"line":87,"column":12},"end":{"line":90,"column":13}},{"start":{"line":87,"column":12},"end":{"line":90,"column":13}}],"line":87},"7":{"loc":{"start":{"line":93,"column":8},"end":{"line":98,"column":9}},"type":"if","locations":[{"start":{"line":93,"column":8},"end":{"line":98,"column":9}},{"start":{"line":93,"column":8},"end":{"line":98,"column":9}}],"line":93},"8":{"loc":{"start":{"line":108,"column":8},"end":{"line":110,"column":9}},"type":"if","locations":[{"start":{"line":108,"column":8},"end":{"line":110,"column":9}},{"start":{"line":108,"column":8},"end":{"line":110,"column":9}}],"line":108},"9":{"loc":{"start":{"line":116,"column":17},"end":{"line":116,"column":75}},"type":"binary-expr","locations":[{"start":{"line":116,"column":17},"end":{"line":116,"column":25}},{"start":{"line":116,"column":29},"end":{"line":116,"column":75}}],"line":116}},"s":{"0":8,"1":8,"2":0,"3":0,"4":3,"5":1,"6":1,"7":0,"8":1,"9":2,"10":2,"11":1,"12":1,"13":1,"14":1,"15":1,"16":12,"17":12,"18":37,"19":37,"20":3,"21":1,"22":2,"23":2,"24":2,"25":2,"26":1,"27":1,"28":2,"29":2,"30":1,"31":1,"32":1,"33":1,"34":1,"35":1,"36":0,"37":13,"38":13,"39":1,"40":12,"41":2},"f":{"0":8,"1":0,"2":3,"3":0,"4":12,"5":37,"6":3,"7":1,"8":2,"9":2,"10":2,"11":0,"12":13},"b":{"0":[0,0],"1":[1,2],"2":[1,1],"3":[12,1],"4":[8,29],"5":[3,34],"6":[1,1],"7":[1,1],"8":[1,12],"9":[12,2]},"_coverageSchema":"43e27e138ebf9cfc5966b082cf9a028302ed4184","hash":"f5d88324c7ca292a5b14737651dba1ba31153d0b"}
,"/Users/harishsoni/Harish/ticket/frontend/src/components/reusableComponents/Navbar/index.tsx": {"path":"/Users/harishsoni/Harish/ticket/frontend/src/components/reusableComponents/Navbar/index.tsx","statementMap":{"0":{"start":{"line":9,"column":8},"end":{"line":9,"column":21}},"1":{"start":{"line":13,"column":8},"end":{"line":37,"column":15}}},"fnMap":{"0":{"name":"(anonymous_0)","decl":{"start":{"line":8,"column":4},"end":{"line":8,"column":5}},"loc":{"start":{"line":8,"column":37},"end":{"line":10,"column":5}},"line":8},"1":{"name":"(anonymous_1)","decl":{"start":{"line":12,"column":4},"end":{"line":12,"column":5}},"loc":{"start":{"line":12,"column":13},"end":{"line":38,"column":5}},"line":12}},"branchMap":{},"s":{"0":1,"1":1},"f":{"0":1,"1":1},"b":{},"_coverageSchema":"43e27e138ebf9cfc5966b082cf9a028302ed4184","hash":"0010b2ef343a8e5b473c08f6b7d768e4371737ba"}
,"/Users/harishsoni/Harish/ticket/frontend/src/constants/action-types.ts": {"path":"/Users/harishsoni/Harish/ticket/frontend/src/constants/action-types.ts","statementMap":{"0":{"start":{"line":1,"column":29},"end":{"line":1,"column":44}},"1":{"start":{"line":2,"column":30},"end":{"line":2,"column":46}},"2":{"start":{"line":3,"column":31},"end":{"line":3,"column":48}},"3":{"start":{"line":4,"column":31},"end":{"line":4,"column":48}}},"fnMap":{},"branchMap":{},"s":{"0":4,"1":4,"2":4,"3":4},"f":{},"b":{},"_coverageSchema":"43e27e138ebf9cfc5966b082cf9a028302ed4184","hash":"1312609f8da98a026a4a027171aeb040c6dd22f5"}
,"/Users/harishsoni/Harish/ticket/frontend/src/reduceers/index.ts": {"path":"/Users/harishsoni/Harish/ticket/frontend/src/reduceers/index.ts","statementMap":{"0":{"start":{"line":4,"column":25},"end":{"line":6,"column":2}}},"fnMap":{},"branchMap":{},"s":{"0":4},"f":{},"b":{},"_coverageSchema":"43e27e138ebf9cfc5966b082cf9a028302ed4184","hash":"b588d93df3dec0e4d4439f5260fbdf21c25ba726"}
,"/Users/harishsoni/Harish/ticket/frontend/src/reduceers/modelReducer.ts": {"path":"/Users/harishsoni/Harish/ticket/frontend/src/reduceers/modelReducer.ts","statementMap":{"0":{"start":{"line":5,"column":4},"end":{"line":12,"column":5}},"1":{"start":{"line":7,"column":12},"end":{"line":7,"column":58}},"2":{"start":{"line":9,"column":12},"end":{"line":9,"column":44}},"3":{"start":{"line":11,"column":12},"end":{"line":11,"column":25}}},"fnMap":{"0":{"name":"modelReducer","decl":{"start":{"line":4,"column":16},"end":{"line":4,"column":28}},"loc":{"start":{"line":4,"column":61},"end":{"line":13,"column":1}},"line":4}},"branchMap":{"0":{"loc":{"start":{"line":4,"column":29},"end":{"line":4,"column":51}},"type":"default-arg","locations":[{"start":{"line":4,"column":37},"end":{"line":4,"column":51}}],"line":4},"1":{"loc":{"start":{"line":5,"column":4},"end":{"line":12,"column":5}},"type":"switch","locations":[{"start":{"line":6,"column":8},"end":{"line":7,"column":58}},{"start":{"line":8,"column":8},"end":{"line":9,"column":44}},{"start":{"line":10,"column":8},"end":{"line":11,"column":25}}],"line":5}},"s":{"0":21,"1":8,"2":1,"3":12},"f":{"0":21},"b":{"0":[12],"1":[8,1,12]},"_coverageSchema":"43e27e138ebf9cfc5966b082cf9a028302ed4184","hash":"86899f39e001e85ef1d4ae2b00fe9c936a6cecec"}
,"/Users/harishsoni/Harish/ticket/frontend/src/services/baseServices.ts": {"path":"/Users/harishsoni/Harish/ticket/frontend/src/services/baseServices.ts","statementMap":{"0":{"start":{"line":4,"column":13},"end":{"line":4,"column":36}},"1":{"start":{"line":7,"column":4},"end":{"line":7,"column":34}}},"fnMap":{"0":{"name":"getAllTicketData","decl":{"start":{"line":6,"column":22},"end":{"line":6,"column":38}},"loc":{"start":{"line":6,"column":41},"end":{"line":8,"column":1}},"line":6}},"branchMap":{},"s":{"0":1,"1":3},"f":{"0":3},"b":{},"_coverageSchema":"43e27e138ebf9cfc5966b082cf9a028302ed4184","hash":"e3ec35f0b13cedde0466ac8fc10789cc5eb108cc"}
,"/Users/harishsoni/Harish/ticket/frontend/src/store/index.ts": {"path":"/Users/harishsoni/Harish/ticket/frontend/src/store/index.ts","statementMap":{"0":{"start":{"line":6,"column":27},"end":{"line":6,"column":81}},"1":{"start":{"line":7,"column":18},"end":{"line":10,"column":5}},"2":{"start":{"line":12,"column":4},"end":{"line":12,"column":17}},"3":{"start":{"line":14,"column":21},"end":{"line":14,"column":37}}},"fnMap":{"0":{"name":"configureStore","decl":{"start":{"line":4,"column":16},"end":{"line":4,"column":30}},"loc":{"start":{"line":4,"column":70},"end":{"line":13,"column":1}},"line":4}},"branchMap":{"0":{"loc":{"start":{"line":6,"column":27},"end":{"line":6,"column":81}},"type":"binary-expr","locations":[{"start":{"line":6,"column":27},"end":{"line":6,"column":70}},{"start":{"line":6,"column":74},"end":{"line":6,"column":81}}],"line":6}},"s":{"0":4,"1":4,"2":4,"3":4},"f":{"0":4},"b":{"0":[4,4]},"_coverageSchema":"43e27e138ebf9cfc5966b082cf9a028302ed4184","hash":"1b5c9dea2f601edda14e12cb21a6eb9c6739da4b"}
,"/Users/harishsoni/Harish/ticket/frontend/src/utilities/generalUtilities.ts": {"path":"/Users/harishsoni/Harish/ticket/frontend/src/utilities/generalUtilities.ts","statementMap":{"0":{"start":{"line":3,"column":4},"end":{"line":3,"column":27}}},"fnMap":{"0":{"name":"dispatch","decl":{"start":{"line":2,"column":16},"end":{"line":2,"column":24}},"loc":{"start":{"line":2,"column":33},"end":{"line":4,"column":1}},"line":2}},"branchMap":{},"s":{"0":9},"f":{"0":9},"b":{},"_coverageSchema":"43e27e138ebf9cfc5966b082cf9a028302ed4184","hash":"1c3fc28eaf89656af40e0b87e6e619859620b258"}
}
