TN:
SF:/Users/harishsoni/Harish/ticket/frontend/src/BasePage.tsx
FN:7,(anonymous_0)
FNF:1
FNH:1
FNDA:3,(anonymous_0)
DA:8,3
LF:1
LH:1
BRF:0
BRH:0
end_of_record
TN:
SF:/Users/harishsoni/Harish/ticket/frontend/src/Models/BaseModel.ts
FN:10,(anonymous_0)
FN:17,(anonymous_1)
FN:21,(anonymous_2)
FN:26,(anonymous_3)
FN:32,(anonymous_4)
FN:33,(anonymous_5)
FN:38,(anonymous_6)
FN:39,(anonymous_7)
FNF:8
FNH:8
FNDA:14,(anonymous_0)
FNDA:9,(anonymous_1)
FNDA:8,(anonymous_2)
FNDA:4,(anonymous_3)
FNDA:2,(anonymous_4)
FNDA:3,(anonymous_5)
FNDA:1,(anonymous_6)
FNDA:1,(anonymous_7)
DA:13,14
DA:14,14
DA:18,9
DA:22,8
DA:23,8
DA:27,4
DA:28,4
DA:29,4
DA:33,2
DA:34,3
DA:39,1
DA:40,1
LF:12
LH:12
BRDA:26,0,0,4
BRDA:29,1,0,4
BRDA:29,1,1,0
BRDA:32,2,0,2
BRDA:38,3,0,1
BRF:5
BRH:4
end_of_record
TN:
SF:/Users/harishsoni/Harish/ticket/frontend/src/Models/BookedTicketsModel.ts
FN:13,(anonymous_0)
FN:17,(anonymous_1)
FN:18,(anonymous_2)
FNF:3
FNH:3
FNDA:5,(anonymous_0)
FNDA:2,(anonymous_1)
FNDA:8,(anonymous_2)
DA:14,5
DA:18,2
DA:19,8
DA:20,8
DA:22,2
DA:23,2
DA:25,4
DA:26,4
DA:28,2
DA:29,2
DA:32,2
LF:11
LH:11
BRDA:20,0,0,2
BRDA:20,0,1,4
BRDA:20,0,2,2
BRF:3
BRH:3
end_of_record
TN:
SF:/Users/harishsoni/Harish/ticket/frontend/src/Models/TicketModel.ts
FN:16,(anonymous_0)
FN:20,(anonymous_1)
FN:29,(anonymous_2)
FNF:3
FNH:3
FNDA:9,(anonymous_0)
FNDA:1,(anonymous_1)
FNDA:1,(anonymous_2)
DA:17,9
DA:21,1
DA:22,1
DA:23,1
DA:24,1
DA:25,1
DA:30,1
DA:31,1
LF:8
LH:8
BRDA:22,0,0,1
BRDA:22,0,1,0
BRDA:31,1,0,1
BRDA:31,1,1,1
BRF:4
BRH:3
end_of_record
TN:
SF:/Users/harishsoni/Harish/ticket/frontend/src/actions/modelActions.ts
FN:5,saveInstance
FN:13,removeInstance
FNF:2
FNH:2
FNDA:8,saveInstance
FNDA:1,removeInstance
DA:6,8
DA:14,1
LF:2
LH:2
BRF:0
BRH:0
end_of_record
TN:
SF:/Users/harishsoni/Harish/ticket/frontend/src/components/CheckoutPage/index.tsx
FN:18,(anonymous_0)
FN:22,(anonymous_1)
FN:28,(anonymous_2)
FN:33,(anonymous_3)
FN:37,(anonymous_4)
FN:54,(anonymous_5)
FN:68,(anonymous_6)
FN:78,mapStateToProps
FNF:8
FNH:8
FNDA:3,(anonymous_0)
FNDA:3,(anonymous_1)
FNDA:1,(anonymous_2)
FNDA:2,(anonymous_3)
FNDA:8,(anonymous_4)
FNDA:3,(anonymous_5)
FNDA:1,(anonymous_6)
FNDA:1,mapStateToProps
DA:19,3
DA:23,3
DA:24,1
DA:29,1
DA:30,1
DA:34,2
DA:35,2
DA:38,8
DA:39,8
DA:55,3
DA:56,2
DA:57,2
DA:68,1
DA:73,1
DA:79,1
DA:80,1
DA:81,1
DA:87,1
LF:18
LH:18
BRDA:23,0,0,1
BRDA:23,0,1,2
BRDA:55,1,0,2
BRDA:55,1,1,1
BRF:4
BRH:4
end_of_record
TN:
SF:/Users/harishsoni/Harish/ticket/frontend/src/components/HomePage/index.tsx
FN:24,(anonymous_0)
FN:29,(anonymous_1)
FN:33,(anonymous_2)
FN:43,(anonymous_3)
FN:45,(anonymous_4)
FN:46,(anonymous_5)
FN:53,(anonymous_6)
FN:75,mapStateToProps
FNF:8
FNH:8
FNDA:3,(anonymous_0)
FNDA:3,(anonymous_1)
FNDA:1,(anonymous_2)
FNDA:3,(anonymous_3)
FNDA:3,(anonymous_4)
FNDA:1,(anonymous_5)
FNDA:4,(anonymous_6)
FNDA:1,mapStateToProps
DA:25,3
DA:26,3
DA:30,3
DA:34,1
DA:35,1
DA:36,1
DA:44,3
DA:45,3
DA:46,3
DA:54,4
DA:76,1
DA:77,1
DA:82,1
LF:13
LH:13
BRDA:56,0,0,4
BRDA:56,0,1,1
BRDA:68,1,0,4
BRDA:68,1,1,3
BRF:4
BRH:4
end_of_record
TN:
SF:/Users/harishsoni/Harish/ticket/frontend/src/components/MoviePopUp/index.tsx
FN:30,(anonymous_0)
FN:35,(anonymous_1)
FN:46,(anonymous_2)
FN:52,(anonymous_3)
FN:65,(anonymous_4)
FN:67,(anonymous_5)
FN:72,(anonymous_6)
FN:76,(anonymous_7)
FN:84,(anonymous_8)
FN:85,(anonymous_9)
FN:86,(anonymous_10)
FN:103,(anonymous_11)
FN:106,(anonymous_12)
FNF:13
FNH:10
FNDA:8,(anonymous_0)
FNDA:0,(anonymous_1)
FNDA:3,(anonymous_2)
FNDA:0,(anonymous_3)
FNDA:12,(anonymous_4)
FNDA:37,(anonymous_5)
FNDA:3,(anonymous_6)
FNDA:1,(anonymous_7)
FNDA:2,(anonymous_8)
FNDA:2,(anonymous_9)
FNDA:2,(anonymous_10)
FNDA:0,(anonymous_11)
FNDA:13,(anonymous_12)
DA:31,8
DA:32,8
DA:36,0
DA:37,0
DA:47,3
DA:48,1
DA:52,1
DA:53,1
DA:55,2
DA:56,2
DA:57,1
DA:58,1
DA:59,1
DA:61,1
DA:62,1
DA:66,12
DA:67,12
DA:68,37
DA:69,37
DA:72,3
DA:77,1
DA:85,2
DA:86,2
DA:87,2
DA:88,1
DA:89,1
DA:91,2
DA:93,2
DA:94,1
DA:95,1
DA:96,1
DA:97,1
DA:99,1
DA:103,1
DA:107,13
DA:108,13
DA:109,1
DA:111,12
DA:130,2
LF:39
LH:37
BRDA:36,0,0,0
BRDA:36,0,1,0
BRDA:47,1,0,1
BRDA:47,1,1,2
BRDA:56,2,0,1
BRDA:56,2,1,1
BRDA:67,3,0,12
BRDA:67,3,1,1
BRDA:71,4,0,8
BRDA:71,4,1,29
BRDA:71,5,0,3
BRDA:71,5,1,34
BRDA:87,6,0,1
BRDA:87,6,1,1
BRDA:93,7,0,1
BRDA:93,7,1,1
BRDA:108,8,0,1
BRDA:108,8,1,12
BRDA:116,9,0,12
BRDA:116,9,1,2
BRF:20
BRH:18
end_of_record
TN:
SF:/Users/harishsoni/Harish/ticket/frontend/src/components/reusableComponents/Navbar/index.tsx
FN:8,(anonymous_0)
FN:12,(anonymous_1)
FNF:2
FNH:2
FNDA:1,(anonymous_0)
FNDA:1,(anonymous_1)
DA:9,1
DA:13,1
LF:2
LH:2
BRF:0
BRH:0
end_of_record
TN:
SF:/Users/harishsoni/Harish/ticket/frontend/src/constants/action-types.ts
FNF:0
FNH:0
DA:1,4
DA:2,4
DA:3,4
DA:4,4
LF:4
LH:4
BRF:0
BRH:0
end_of_record
TN:
SF:/Users/harishsoni/Harish/ticket/frontend/src/reduceers/index.ts
FNF:0
FNH:0
DA:4,4
LF:1
LH:1
BRF:0
BRH:0
end_of_record
TN:
SF:/Users/harishsoni/Harish/ticket/frontend/src/reduceers/modelReducer.ts
FN:4,modelReducer
FNF:1
FNH:1
FNDA:21,modelReducer
DA:5,21
DA:7,8
DA:9,1
DA:11,12
LF:4
LH:4
BRDA:4,0,0,12
BRDA:5,1,0,8
BRDA:5,1,1,1
BRDA:5,1,2,12
BRF:4
BRH:4
end_of_record
TN:
SF:/Users/harishsoni/Harish/ticket/frontend/src/services/baseServices.ts
FN:6,getAllTicketData
FNF:1
FNH:1
FNDA:3,getAllTicketData
DA:4,1
DA:7,3
LF:2
LH:2
BRF:0
BRH:0
end_of_record
TN:
SF:/Users/harishsoni/Harish/ticket/frontend/src/store/index.ts
FN:4,configureStore
FNF:1
FNH:1
FNDA:4,configureStore
DA:6,4
DA:7,4
DA:12,4
DA:14,4
LF:4
LH:4
BRDA:6,0,0,4
BRDA:6,0,1,4
BRF:2
BRH:2
end_of_record
TN:
SF:/Users/harishsoni/Harish/ticket/frontend/src/utilities/generalUtilities.ts
FN:2,dispatch
FNF:1
FNH:1
FNDA:9,dispatch
DA:3,9
LF:1
LH:1
BRF:0
BRH:0
end_of_record
